<?xml version="1.0" encoding="UTF-8"?>
<!-- Generated by org.testng.reporters.JUnitXMLReporter -->
<testsuite ignored="2" hostname="Sundarakrishnan" failures="0" tests="1" name="Default test" time="14.224" errors="0" timestamp="2023-04-27T16:08:33 IST">
  <testcase classname="test.Day6.Ex5_1" name="Test2" time="3.683"/>
  <testcase classname="test.Day6.Ex5_1" name="Test3" time="0.0">
    <ignored/>
  </testcase> <!-- Test3 -->
  <testcase classname="test.Day6.Ex5_1" name="Test1" time="0.0">
    <ignored/>
  </testcase> <!-- Test1 -->
</testsuite> <!-- Default test -->
