<?xml version="1.0" encoding="UTF-8"?>
<!-- Generated by org.testng.reporters.JUnitXMLReporter -->
<testsuite ignored="1" hostname="Sundarakrishnan" failures="0" tests="2" name="Test" time="17.913" errors="0" timestamp="2023-04-27T16:14:14 IST">
  <testcase classname="test.Day6.Ex5_1" name="Test2" time="3.558"/>
  <testcase classname="test.Day6.Ex5_1" name="Test3" time="3.347"/>
  <testcase classname="test.Day6.Ex5_1" name="Test1" time="0.0">
    <ignored/>
  </testcase> <!-- Test1 -->
</testsuite> <!-- Test -->
